<?xml version="1.0" encoding="UTF-8"?>
<!-- Generated by org.testng.reporters.JUnitReportReporter -->
<testsuite hostname="DESKTOP-NQL8UAD" failures="0" tests="1" name="testrunners.TestRunnerTest" time="5.509" errors="0" timestamp="2025-08-29T20:13:49 CDT" skipped="0">
  <testcase classname="testrunners.TestRunnerTest" name="runScenario" time="5.509"/>
</testsuite> <!-- testrunners.TestRunnerTest -->
